<?xml version="1.0" encoding="UTF-8"?>
<testsuite name="BadgeTest" tests="4" skipped="0" failures="0" errors="0" timestamp="2025-01-19T13:40:21" hostname="pream-ThinkPad-X1-Carbon-3rd" time="0.079">
  <properties/>
  <testcase name="Printing a badge for the owner" classname="BadgeTest" time="0.064"/>
  <testcase name="Printing a badge for a new employee" classname="BadgeTest" time="0.002"/>
  <testcase name="Printing a badge for an employee" classname="BadgeTest" time="0.003"/>
  <testcase name="Printing a badge for the owner who is a new employee" classname="BadgeTest" time="0.003"/>
  <system-out><![CDATA[]]></system-out>
  <system-err><![CDATA[]]></system-err>
</testsuite>
